\BOOKMARK [-1][-]{part.1}{\376\377\000I\000\040\000P\000a\000r\000t\000\040\000I\000:\000\040\000E\000n\000g\000l\000i\000s\000h}{}% 1
\BOOKMARK [0][-]{chapter.1}{\376\377\000I\000n\000t\000r\000o\000d\000u\000c\000t\000i\000o\000n}{part.1}% 2
\BOOKMARK [0][-]{chapter.2}{\376\377\000F\000a\000s\000t\000\040\000a\000n\000d\000\040\000s\000i\000m\000p\000l\000e\000\040\000a\000n\000a\000l\000o\000g\000y\000\040\000a\000b\000o\000u\000t\000\040\000t\000h\000e\000\040\000f\000a\000i\000l\000\040\000i\000n\000\040\000t\000h\000e\000\040\000l\000o\000g\000i\000c\000\040\000o\000f\000\040\000t\000h\000e\000\040\000p\000r\000o\000o\000f\000s}{part.1}% 3
\BOOKMARK [1][-]{section.2.1}{\376\377\000T\000h\000e\000\040\000T\000a\000b\000l\000e}{chapter.2}% 4
\BOOKMARK [0][-]{chapter.3}{\376\377\000T\000r\000y\000\040\000o\000f\000\040\000M\000i\000n\000i\000m\000u\000m\000\040\000P\000r\000e\000v\000i\000o\000u\000s\000\040\000C\000o\000n\000t\000e\000x\000t}{part.1}% 5
\BOOKMARK [0][-]{chapter.4}{\376\377\000D\000i\000,\000\040\000T\000P\000I\000\040\000a\000n\000d\000\040\000t\000h\000e\000\040\000a\000c\000t\000u\000a\000l\000\040\000p\000h\000e\000n\000o\000m\000e\000n\000o\000n\000\040\000t\000h\000a\000t\000\040\000i\000s\000\040\000h\000a\000p\000p\000e\000n\000n\000i\000n\000g\000\040\000r\000i\000g\000h\000t\000\040\000n\000o\000w}{part.1}% 6
\BOOKMARK [1][-]{section.4.1}{\376\377\000D\000I}{chapter.4}% 7
\BOOKMARK [1][-]{section.4.2}{\376\377\000T\000P\000I}{chapter.4}% 8
\BOOKMARK [1][-]{section.4.3}{\376\377\000I\000n\000c\000r\000e\000d\000i\000b\000l\000e\000\040\000r\000e\000s\000u\000l\000t}{chapter.4}% 9
\BOOKMARK [-1][-]{part.2}{\376\377\000I\000I\000\040\000P\000a\000r\000t\000e\000\040\000I\000I\000:\000\040\000E\000s\000p\000a\000\361\000o\000l}{}% 10
\BOOKMARK [0][-]{chapter.5}{\376\377\000I\000n\000t\000r\000o\000d\000u\000c\000c\000i\000\363\000n}{part.2}% 11
\BOOKMARK [0][-]{chapter.6}{\376\377\000A\000n\000a\000l\000o\000g\000\355\000a\000\040\000r\000\341\000p\000i\000d\000a\000\040\000d\000e\000l\000\040\000f\000a\000l\000l\000o\000\040\000l\000\363\000g\000i\000c\000o\000\040\000d\000e\000\040\000l\000a\000s\000\040\000d\000e\000m\000o\000s\000t\000r\000a\000c\000i\000o\000n\000e\000s}{part.2}% 12
\BOOKMARK [1][-]{section.6.1}{\376\377\000L\000a\000\040\000T\000a\000b\000l\000a}{chapter.6}% 13
\BOOKMARK [1][-]{section.6.2}{\376\377\000E\000x\000p\000l\000i\000c\000a\000c\000i\000\363\000n\000\040\000d\000e\000\040\000l\000a\000\040\000t\000a\000b\000l\000a}{chapter.6}% 14
\BOOKMARK [2][-]{subsection.6.2.1}{\376\377\000P\000u\000n\000t\000o\000\040\0001}{section.6.2}% 15
\BOOKMARK [2][-]{subsection.6.2.2}{\376\377\000P\000u\000n\000t\000o\000\040\0002}{section.6.2}% 16
\BOOKMARK [2][-]{subsection.6.2.3}{\376\377\000P\000u\000n\000t\000o\000\040\0003}{section.6.2}% 17
\BOOKMARK [0][-]{chapter.7}{\376\377\000I\000n\000t\000e\000n\000t\000o\000\040\000d\000e\000\040\000C\000o\000n\000t\000e\000x\000t\000o\000\040\000P\000r\000e\000v\000i\000o\000\040\000M\000\355\000n\000i\000m\000o}{part.2}% 18
\BOOKMARK [1][-]{section.7.1}{\376\377\000R\000e\000l\000a\000c\000i\000o\000n\000e\000s\000\040\000n\000o\000\040\000a\000p\000l\000i\000c\000a\000c\000i\000\363\000n}{chapter.7}% 19
\BOOKMARK [1][-]{section.7.2}{\376\377\000N\000A\000I\000V\000E\000\040\000C\000A\000\040\000t\000h\000e\000o\000r\000e\000m\000,\000\040\000s\000i\000n\000\040\000d\000e\000m\000o\000s\000t\000r\000a\000c\000i\000\363\000n}{chapter.7}% 20
\BOOKMARK [2][-]{subsection.7.2.1}{\376\377\000A\000p\000r\000e\000c\000i\000a\000c\000i\000o\000n\000e\000s}{section.7.2}% 21
\BOOKMARK [1][-]{section.7.3}{\376\377\000D\000e\000f\000i\000n\000i\000c\000i\000\363\000n\000\040\000d\000e\000\040\000'\000r\000e\000s\000o\000l\000v\000e\000r\000\264}{chapter.7}% 22
\BOOKMARK [0][-]{chapter.8}{\376\377\000D\000I\000,\000\040\000T\000P\000I\000,\000\040\000y\000\040\000e\000l\000\040\000f\000e\000n\000\363\000m\000e\000n\000o\000\040\000a\000c\000t\000u\000a\000l\000\040\000q\000u\000e\000\040\000m\000e\000\040\000e\000s\000t\000\341\000\040\000s\000u\000c\000e\000d\000i\000e\000n\000d\000o}{part.2}% 23
\BOOKMARK [1][-]{section.8.1}{\376\377\000D\000I\000:\000v\000a\000r\000i\000a\000n\000t\000e\000\040\000p\000e\000l\000e\000a\000\040\000d\000e\000\040\000c\000o\000l\000e\000g\000i\000o}{chapter.8}% 24
\BOOKMARK [2][-]{subsection.8.1.1}{\376\377\000O\000b\000s\000e\000r\000v\000a\000c\000i\000o\000n\000e\000s\000\040\000d\000e\000\040\000l\000a\000\040\000D\000I}{section.8.1}% 25
\BOOKMARK [1][-]{section.8.2}{\376\377\000T\000P\000I}{chapter.8}% 26
\BOOKMARK [2][-]{subsection.8.2.1}{\376\377\000D\000e\000f\000i\000n\000i\000c\000o\000n\000e\000s\000\040\000p\000r\000e\000v\000i\000a\000s\000\040\000p\000a\000r\000a\000\040\000e\000n\000t\000e\000n\000d\000e\000r\000\040\000l\000a\000\040\000T\000P\000I}{section.8.2}% 27
\BOOKMARK [2][-]{subsection.8.2.2}{\376\377\000T\000P\000I\000,\000\040\000d\000e\000f\000i\000n\000i\000c\000i\000\363\000n}{section.8.2}% 28
\BOOKMARK [2][-]{subsection.8.2.3}{\376\377\000O\000b\000s\000e\000r\000v\000a\000c\000i\000o\000n\000e\000s\000\040\000d\000e\000\040\000l\000a\000\040\000T\000P\000I}{section.8.2}% 29
\BOOKMARK [1][-]{section.8.3}{\376\377\000R\000e\000s\000u\000l\000t\000a\000d\000o\000\040\000i\000n\000c\000r\000e\000\355\000b\000l\000e}{chapter.8}% 30
