This is pdfTeX, Version 3.141592653-2.6-1.40.23 (MiKTeX 21.8) (preloaded format=pdflatex 2021.9.4)  23 APR 2023 16:34
entering extended mode
**./FAST_DI_TPI.tex
(FAST_DI_TPI.tex
LaTeX2e <2021-06-01> patch level 1
L3 programming layer <2021-08-27>
(C:\Users\Fistroman\AppData\Local\Programs\MiKTeX\tex/latex/base\report.cls
Document Class: report 2021/02/12 v1.4n Standard LaTeX document class
(C:\Users\Fistroman\AppData\Local\Programs\MiKTeX\tex/latex/base\size10.clo
File: size10.clo 2021/02/12 v1.4n Standard LaTeX file (size option)
)
\c@part=\count182
\c@chapter=\count183
\c@section=\count184
\c@subsection=\count185
\c@subsubsection=\count186
\c@paragraph=\count187
\c@subparagraph=\count188
\c@figure=\count189
\c@table=\count190
\abovecaptionskip=\skip47
\belowcaptionskip=\skip48
\bibindent=\dimen138
)
(C:\Users\Fistroman\AppData\Local\Programs\MiKTeX\tex/latex/geometry\geometry.s
ty
Package: geometry 2020/01/02 v5.9 Page Geometry

(C:\Users\Fistroman\AppData\Local\Programs\MiKTeX\tex/latex/graphics\keyval.sty
Package: keyval 2014/10/28 v1.15 key=value parser (DPC)
\KV@toks@=\toks16
)
(C:\Users\Fistroman\AppData\Local\Programs\MiKTeX\tex/generic/iftex\ifvtex.sty
Package: ifvtex 2019/10/25 v1.7 ifvtex legacy package. Use iftex instead.

(C:\Users\Fistroman\AppData\Local\Programs\MiKTeX\tex/generic/iftex\iftex.sty
Package: iftex 2020/03/06 v1.0d TeX engine tests
))
\Gm@cnth=\count191
\Gm@cntv=\count192
\c@Gm@tempcnt=\count193
\Gm@bindingoffset=\dimen139
\Gm@wd@mp=\dimen140
\Gm@odd@mp=\dimen141
\Gm@even@mp=\dimen142
\Gm@layoutwidth=\dimen143
\Gm@layoutheight=\dimen144
\Gm@layouthoffset=\dimen145
\Gm@layoutvoffset=\dimen146
\Gm@dimlist=\toks17

(C:\Users\Fistroman\AppData\Local\Programs\MiKTeX\tex/latex/geometry\geometry.c
fg))
(C:\Users\Fistroman\AppData\Local\Programs\MiKTeX\tex/latex/graphics\color.sty
Package: color 2020/02/24 v1.2b Standard LaTeX Color (DPC)

(C:\Users\Fistroman\AppData\Local\Programs\MiKTeX\tex/latex/graphics-cfg\color.
cfg
File: color.cfg 2016/01/02 v1.6 sample color configuration
)
Package color Info: Driver file: pdftex.def on input line 149.

(C:\Users\Fistroman\AppData\Local\Programs\MiKTeX\tex/latex/graphics-def\pdftex
.def
File: pdftex.def 2020/10/05 v1.2a Graphics/color driver for pdftex
))
(C:\Users\Fistroman\AppData\Local\Programs\MiKTeX\tex/latex/graphics\epsfig.sty
Package: epsfig 2017/06/25 v1.7b (e)psfig emulation (SPQR)

(C:\Users\Fistroman\AppData\Local\Programs\MiKTeX\tex/latex/graphics\graphicx.s
ty
Package: graphicx 2020/12/05 v1.2c Enhanced LaTeX Graphics (DPC,SPQR)

(C:\Users\Fistroman\AppData\Local\Programs\MiKTeX\tex/latex/graphics\graphics.s
ty
Package: graphics 2021/03/04 v1.4d Standard LaTeX Graphics (DPC,SPQR)

(C:\Users\Fistroman\AppData\Local\Programs\MiKTeX\tex/latex/graphics\trig.sty
Package: trig 2016/01/03 v1.10 sin cos tan (DPC)
)
(C:\Users\Fistroman\AppData\Local\Programs\MiKTeX\tex/latex/graphics-cfg\graphi
cs.cfg
File: graphics.cfg 2016/06/04 v1.11 sample graphics configuration
)
Package graphics Info: Driver file: pdftex.def on input line 107.
)
\Gin@req@height=\dimen147
\Gin@req@width=\dimen148
)
\epsfxsize=\dimen149
\epsfysize=\dimen150
)
(C:\Users\Fistroman\AppData\Local\Programs\MiKTeX\tex/latex/multirow\multirow.s
ty
Package: multirow 2021/03/15 v2.8 Span multiple rows of a table
\multirow@colwidth=\skip49
\multirow@cntb=\count194
\multirow@dima=\skip50
\bigstrutjot=\dimen151
)
(C:\Users\Fistroman\AppData\Local\Programs\MiKTeX\tex/latex/colortbl\colortbl.s
ty
Package: colortbl 2020/01/04 v1.0e Color table columns (DPC)
 (C:\Users\Fistroman\AppData\Local\Programs\MiKTeX\tex/latex/tools\array.sty
Package: array 2021/04/20 v2.5e Tabular extension package (FMi)
\col@sep=\dimen152
\ar@mcellbox=\box50
\extrarowheight=\dimen153
\NC@list=\toks18
\extratabsurround=\skip51
\backup@length=\skip52
\ar@cellbox=\box51
)
\everycr=\toks19
\minrowclearance=\skip53
) (C:\Users\Fistroman\AppData\Local\Programs\MiKTeX\tex/latex/xcolor\xcolor.sty
Package: xcolor 2016/05/11 v2.12 LaTeX color extensions (UK)

(C:\Users\Fistroman\AppData\Local\Programs\MiKTeX\tex/latex/graphics-cfg\color.
cfg
File: color.cfg 2016/01/02 v1.6 sample color configuration
)
Package xcolor Info: Driver file: pdftex.def on input line 225.
LaTeX Info: Redefining \color on input line 709.
\rownum=\count195
Package xcolor Info: Model `cmy' substituted by `cmy0' on input line 1348.
Package xcolor Info: Model `hsb' substituted by `rgb' on input line 1352.
Package xcolor Info: Model `RGB' extended on input line 1364.
Package xcolor Info: Model `HTML' substituted by `rgb' on input line 1366.
Package xcolor Info: Model `Hsb' substituted by `hsb' on input line 1367.
Package xcolor Info: Model `tHsb' substituted by `hsb' on input line 1368.
Package xcolor Info: Model `HSB' substituted by `hsb' on input line 1369.
Package xcolor Info: Model `Gray' substituted by `gray' on input line 1370.
Package xcolor Info: Model `wave' substituted by `hsb' on input line 1371.
)
(C:\Users\Fistroman\AppData\Local\Programs\MiKTeX\tex/latex/titling\titling.sty
Package: titling 2009/09/04 v2.1d maketitle typesetting
\thanksmarkwidth=\skip54
\thanksmargin=\skip55
\droptitle=\skip56
) (C:\Users\Fistroman\AppData\Local\Programs\MiKTeX\tex/latex/lipsum\lipsum.sty

(C:\Users\Fistroman\AppData\Local\Programs\MiKTeX\tex/latex/l3packages/l3keys2e
\l3keys2e.sty
(C:\Users\Fistroman\AppData\Local\Programs\MiKTeX\tex/latex/l3kernel\expl3.sty
Package: expl3 2021-08-27 L3 programming layer (loader) 

(C:\Users\Fistroman\AppData\Local\Programs\MiKTeX\tex/latex/l3backend\l3backend
-pdftex.def
File: l3backend-pdftex.def 2021-08-04 L3 backend support: PDF output (pdfTeX)
\l__color_backend_stack_int=\count196
\l__pdf_internal_box=\box52
))
Package: l3keys2e 2021-08-27 LaTeX2e option processing using LaTeX3 keys
)
Package: lipsum 2021-08-01 v2.5 150 paragraphs of Lorem Ipsum dummy text
\g__lipsum_par_int=\count197
\l__lipsum_a_int=\count198
\l__lipsum_b_int=\count199

(C:\Users\Fistroman\AppData\Local\Programs\MiKTeX\tex/latex/lipsum\lipsum.ltd.t
ex))
(C:\Users\Fistroman\AppData\Local\Programs\MiKTeX\tex/latex/mathtools\mathtools
.sty
Package: mathtools 2021/04/12 v1.27 mathematical typesetting tools
 (C:\Users\Fistroman\AppData\Local\Programs\MiKTeX\tex/latex/tools\calc.sty
Package: calc 2017/05/25 v4.3 Infix arithmetic (KKT,FJ)
\calc@Acount=\count266
\calc@Bcount=\count267
\calc@Adimen=\dimen154
\calc@Bdimen=\dimen155
\calc@Askip=\skip57
\calc@Bskip=\skip58
LaTeX Info: Redefining \setlength on input line 80.
LaTeX Info: Redefining \addtolength on input line 81.
\calc@Ccount=\count268
\calc@Cskip=\skip59
)
(C:\Users\Fistroman\AppData\Local\Programs\MiKTeX\tex/latex/mathtools\mhsetup.s
ty
Package: mhsetup 2021/03/18 v1.4 programming setup (MH)
)
(C:\Users\Fistroman\AppData\Local\Programs\MiKTeX\tex/latex/amsmath\amsmath.sty
Package: amsmath 2021/04/20 v2.17j AMS math features
\@mathmargin=\skip60
For additional information on amsmath, use the `?' option.

(C:\Users\Fistroman\AppData\Local\Programs\MiKTeX\tex/latex/amsmath\amstext.sty
Package: amstext 2000/06/29 v2.01 AMS text
(C:\Users\Fistroman\AppData\Local\Programs\MiKTeX\tex/latex/amsmath\amsgen.sty
File: amsgen.sty 1999/11/30 v2.0 generic functions
\@emptytoks=\toks20
\ex@=\dimen156
))
(C:\Users\Fistroman\AppData\Local\Programs\MiKTeX\tex/latex/amsmath\amsbsy.sty
Package: amsbsy 1999/11/29 v1.2d Bold Symbols
\pmbraise@=\dimen157
) (C:\Users\Fistroman\AppData\Local\Programs\MiKTeX\tex/latex/amsmath\amsopn.st
y
Package: amsopn 2016/03/08 v2.02 operator names
)
\inf@bad=\count269
LaTeX Info: Redefining \frac on input line 234.
\uproot@=\count270
\leftroot@=\count271
LaTeX Info: Redefining \overline on input line 399.
\classnum@=\count272
\DOTSCASE@=\count273
LaTeX Info: Redefining \ldots on input line 496.
LaTeX Info: Redefining \dots on input line 499.
LaTeX Info: Redefining \cdots on input line 620.
\Mathstrutbox@=\box53
\strutbox@=\box54
\big@size=\dimen158
LaTeX Font Info:    Redeclaring font encoding OML on input line 743.
LaTeX Font Info:    Redeclaring font encoding OMS on input line 744.
\macc@depth=\count274
\c@MaxMatrixCols=\count275
\dotsspace@=\muskip16
\c@parentequation=\count276
\dspbrk@lvl=\count277
\tag@help=\toks21
\row@=\count278
\column@=\count279
\maxfields@=\count280
\andhelp@=\toks22
\eqnshift@=\dimen159
\alignsep@=\dimen160
\tagshift@=\dimen161
\tagwidth@=\dimen162
\totwidth@=\dimen163
\lineht@=\dimen164
\@envbody=\toks23
\multlinegap=\skip61
\multlinetaggap=\skip62
\mathdisplay@stack=\toks24
LaTeX Info: Redefining \[ on input line 2923.
LaTeX Info: Redefining \] on input line 2924.
)
LaTeX Info: Thecontrolsequence`\('isalreadyrobust on input line 130.
LaTeX Info: Thecontrolsequence`\)'isalreadyrobust on input line 130.
LaTeX Info: Thecontrolsequence`\['isalreadyrobust on input line 130.
LaTeX Info: Thecontrolsequence`\]'isalreadyrobust on input line 130.
\g_MT_multlinerow_int=\count281
\l_MT_multwidth_dim=\dimen165
\origjot=\skip63
\l_MT_shortvdotswithinadjustabove_dim=\dimen166
\l_MT_shortvdotswithinadjustbelow_dim=\dimen167
\l_MT_above_intertext_sep=\dimen168
\l_MT_below_intertext_sep=\dimen169
\l_MT_above_shortintertext_sep=\dimen170
\l_MT_below_shortintertext_sep=\dimen171
\xmathstrut@box=\box55
\xmathstrut@dim=\dimen172
)
(C:\Users\Fistroman\AppData\Local\Programs\MiKTeX\tex/latex/amsfonts\amsfonts.s
ty
Package: amsfonts 2013/01/14 v3.01 Basic AMSFonts support
\symAMSa=\mathgroup4
\symAMSb=\mathgroup5
LaTeX Font Info:    Redeclaring math symbol \hbar on input line 98.
LaTeX Font Info:    Overwriting math alphabet `\mathfrak' in version `bold'
(Font)                  U/euf/m/n --> U/euf/b/n on input line 106.
)
(C:\Users\Fistroman\AppData\Local\Programs\MiKTeX\tex/latex/amsfonts\amssymb.st
y
Package: amssymb 2013/01/14 v3.01 AMS font symbols
)
(C:\Users\Fistroman\AppData\Local\Programs\MiKTeX\tex/latex/pdfpages\pdfpages.s
ty
Package: pdfpages 2021/03/06 v0.5t Insert pages of external PDF documents (AM)
 (C:\Users\Fistroman\AppData\Local\Programs\MiKTeX\tex/latex/base\ifthen.sty
Package: ifthen 2020/11/24 v1.1c Standard LaTeX ifthen package (DPC)
)
(C:\Users\Fistroman\AppData\Local\Programs\MiKTeX\tex/latex/eso-pic\eso-pic.sty
Package: eso-pic 2020/10/14 v3.0a eso-pic (RN)
\ESO@tempdima=\dimen173
\ESO@tempdimb=\dimen174
)
\AM@pagewidth=\dimen175
\AM@pageheight=\dimen176
\AM@fboxrule=\dimen177

(C:\Users\Fistroman\AppData\Local\Programs\MiKTeX\tex/latex/pdfpages\pppdftex.d
ef
File: pppdftex.def 2021/03/06 v0.5t Pdfpages driver for pdfTeX (AM)
)
\pdfpages@includegraphics@status=\count282
\AM@pagebox=\box56
\AM@global@opts=\toks25
\AM@pagecnt=\count283
\AM@toc@title=\toks26
\c@AM@survey=\count284
\AM@templatesizebox=\box57
)
(C:\Users\Fistroman\AppData\Local\Programs\MiKTeX\tex/generic/babel\babel.sty
Package: babel 2021/07/22 3.63 The Babel package

(C:\Users\Fistroman\AppData\Local\Programs\MiKTeX\tex/generic/babel\babel.def
File: babel.def 2021/07/22 3.63 Babel common definitions
\babel@savecnt=\count285
\U@D=\dimen178
\l@unhyphenated=\language79

(C:\Users\Fistroman\AppData\Local\Programs\MiKTeX\tex/generic/babel\txtbabel.de
f)
\bbl@readstream=\read2
)
\bbl@dirlevel=\count286

*************************************
* Local config file bblopts.cfg used
*
(C:\Users\Fistroman\AppData\Local\Programs\MiKTeX\tex/latex/arabi\bblopts.cfg
File: bblopts.cfg 2005/09/08 v0.1 add Arabic and Farsi to "declared" options of
 babel
)
(C:\Users\Fistroman\AppData\Local\Programs\MiKTeX\tex/latex/babel-spanish\spani
sh.ldf
Language: spanish.ldf 2021/05/27 v5.0q Spanish support from the babel system
\es@quottoks=\toks27
\es@quotdepth=\count287
Package babel Info: Making " an active character on input line 570.
Package babel Info: Making . an active character on input line 675.
Package babel Info: Making < an active character on input line 722.
Package babel Info: Making > an active character on input line 722.
))
(C:\Users\Fistroman\AppData\Local\Programs\MiKTeX\tex/latex/base\inputenc.sty
Package: inputenc 2021/02/14 v1.3d Input encoding file
\inpenc@prehook=\toks28
\inpenc@posthook=\toks29
)
(C:\Users\Fistroman\AppData\Local\Programs\MiKTeX\tex/latex/hyperref\hyperref.s
ty
Package: hyperref 2021-06-07 v7.00m Hypertext links for LaTeX

(C:\Users\Fistroman\AppData\Local\Programs\MiKTeX\tex/generic/ltxcmds\ltxcmds.s
ty
Package: ltxcmds 2020-05-10 v1.25 LaTeX kernel commands for general use (HO)
)
(C:\Users\Fistroman\AppData\Local\Programs\MiKTeX\tex/generic/pdftexcmds\pdftex
cmds.sty
Package: pdftexcmds 2020-06-27 v0.33 Utility functions of pdfTeX for LuaTeX (HO
)

(C:\Users\Fistroman\AppData\Local\Programs\MiKTeX\tex/generic/infwarerr\infware
rr.sty
Package: infwarerr 2019/12/03 v1.5 Providing info/warning/error messages (HO)
)
Package pdftexcmds Info: \pdf@primitive is available.
Package pdftexcmds Info: \pdf@ifprimitive is available.
Package pdftexcmds Info: \pdfdraftmode found.
)
(C:\Users\Fistroman\AppData\Local\Programs\MiKTeX\tex/generic/kvsetkeys\kvsetke
ys.sty
Package: kvsetkeys 2019/12/15 v1.18 Key value parser (HO)
)
(C:\Users\Fistroman\AppData\Local\Programs\MiKTeX\tex/generic/kvdefinekeys\kvde
finekeys.sty
Package: kvdefinekeys 2019-12-19 v1.6 Define keys (HO)
)
(C:\Users\Fistroman\AppData\Local\Programs\MiKTeX\tex/generic/pdfescape\pdfesca
pe.sty
Package: pdfescape 2019/12/09 v1.15 Implements pdfTeX's escape features (HO)
)
(C:\Users\Fistroman\AppData\Local\Programs\MiKTeX\tex/latex/hycolor\hycolor.sty
Package: hycolor 2020-01-27 v1.10 Color options for hyperref/bookmark (HO)
)
(C:\Users\Fistroman\AppData\Local\Programs\MiKTeX\tex/latex/letltxmacro\letltxm
acro.sty
Package: letltxmacro 2019/12/03 v1.6 Let assignment for LaTeX macros (HO)
)
(C:\Users\Fistroman\AppData\Local\Programs\MiKTeX\tex/latex/auxhook\auxhook.sty
Package: auxhook 2019-12-17 v1.6 Hooks for auxiliary files (HO)
)
(C:\Users\Fistroman\AppData\Local\Programs\MiKTeX\tex/latex/kvoptions\kvoptions
.sty
Package: kvoptions 2020-10-07 v3.14 Key value format for package options (HO)
)
\@linkdim=\dimen179
\Hy@linkcounter=\count288
\Hy@pagecounter=\count289

(C:\Users\Fistroman\AppData\Local\Programs\MiKTeX\tex/latex/hyperref\pd1enc.def
File: pd1enc.def 2021-06-07 v7.00m Hyperref: PDFDocEncoding definition (HO)
Now handling font encoding PD1 ...
... no UTF-8 mapping file for font encoding PD1
)
(C:\Users\Fistroman\AppData\Local\Programs\MiKTeX\tex/latex/hyperref\hyperref-l
angpatches.def
File: hyperref-langpatches.def 2021-06-07 v7.00m Hyperref: patches for babel la
nguages
)
(C:\Users\Fistroman\AppData\Local\Programs\MiKTeX\tex/generic/intcalc\intcalc.s
ty
Package: intcalc 2019/12/15 v1.3 Expandable calculations with integers (HO)
)
(C:\Users\Fistroman\AppData\Local\Programs\MiKTeX\tex/generic/etexcmds\etexcmds
.sty
Package: etexcmds 2019/12/15 v1.7 Avoid name clashes with e-TeX commands (HO)
)
\Hy@SavedSpaceFactor=\count290

(C:\Users\Fistroman\AppData\Local\Programs\MiKTeX\tex/latex/hyperref\puenc.def
File: puenc.def 2021-06-07 v7.00m Hyperref: PDF Unicode definition (HO)
Now handling font encoding PU ...
... no UTF-8 mapping file for font encoding PU
)
Package hyperref Info: Hyper figures OFF on input line 4192.
Package hyperref Info: Link nesting OFF on input line 4197.
Package hyperref Info: Hyper index ON on input line 4200.
Package hyperref Info: Plain pages OFF on input line 4207.
Package hyperref Info: Backreferencing OFF on input line 4212.
Package hyperref Info: Implicit mode ON; LaTeX internals redefined.
Package hyperref Info: Bookmarks ON on input line 4445.
\c@Hy@tempcnt=\count291
(C:\Users\Fistroman\AppData\Local\Programs\MiKTeX\tex/latex/url\url.sty
\Urlmuskip=\muskip17
Package: url 2013/09/16  ver 3.4  Verb mode for urls, etc.
)
LaTeX Info: Redefining \url on input line 4804.
\XeTeXLinkMargin=\dimen180

(C:\Users\Fistroman\AppData\Local\Programs\MiKTeX\tex/generic/bitset\bitset.sty
Package: bitset 2019/12/09 v1.3 Handle bit-vector datatype (HO)

(C:\Users\Fistroman\AppData\Local\Programs\MiKTeX\tex/generic/bigintcalc\bigint
calc.sty
Package: bigintcalc 2019/12/15 v1.5 Expandable calculations on big integers (HO
)
))
\Fld@menulength=\count292
\Field@Width=\dimen181
\Fld@charsize=\dimen182
Package hyperref Info: Hyper figures OFF on input line 6076.
Package hyperref Info: Link nesting OFF on input line 6081.
Package hyperref Info: Hyper index ON on input line 6084.
Package hyperref Info: backreferencing OFF on input line 6091.
Package hyperref Info: Link coloring OFF on input line 6096.
Package hyperref Info: Link coloring with OCG OFF on input line 6101.
Package hyperref Info: PDF/A mode OFF on input line 6106.
LaTeX Info: Redefining \ref on input line 6146.
LaTeX Info: Redefining \pageref on input line 6150.

(C:\Users\Fistroman\AppData\Local\Programs\MiKTeX\tex/latex/base\atbegshi-ltx.s
ty
Package: atbegshi-ltx 2021/01/10 v1.0c Emulation of the original atbegshi
package with kernel methods
)
\Hy@abspage=\count293
\c@Item=\count294
\c@Hfootnote=\count295
)
Package hyperref Info: Driver (autodetected): hpdftex.

(C:\Users\Fistroman\AppData\Local\Programs\MiKTeX\tex/latex/hyperref\hpdftex.de
f
File: hpdftex.def 2021-06-07 v7.00m Hyperref driver for pdfTeX

(C:\Users\Fistroman\AppData\Local\Programs\MiKTeX\tex/latex/base\atveryend-ltx.
sty
Package: atveryend-ltx 2020/08/19 v1.0a Emulation of the original atvery packag
e
with kernel methods
)
\Fld@listcount=\count296
\c@bookmark@seq@number=\count297

(C:\Users\Fistroman\AppData\Local\Programs\MiKTeX\tex/latex/rerunfilecheck\reru
nfilecheck.sty
Package: rerunfilecheck 2019/12/05 v1.9 Rerun checks for auxiliary files (HO)

(C:\Users\Fistroman\AppData\Local\Programs\MiKTeX\tex/generic/uniquecounter\uni
quecounter.sty
Package: uniquecounter 2019/12/15 v1.4 Provide unlimited unique counter (HO)
)
Package uniquecounter Info: New unique counter `rerunfilecheck' on input line 2
86.
)
\Hy@SectionHShift=\skip64
) (FAST_DI_TPI.aux
LaTeX Info: Redefining \. on input line 25.
LaTeX Info: Redefining \% on input line 25.
)
\openout1 = `FAST_DI_TPI.aux'.

LaTeX Font Info:    Checking defaults for OML/cmm/m/it on input line 53.
LaTeX Font Info:    ... okay on input line 53.
LaTeX Font Info:    Checking defaults for OMS/cmsy/m/n on input line 53.
LaTeX Font Info:    ... okay on input line 53.
LaTeX Font Info:    Checking defaults for OT1/cmr/m/n on input line 53.
LaTeX Font Info:    ... okay on input line 53.
LaTeX Font Info:    Checking defaults for T1/cmr/m/n on input line 53.
LaTeX Font Info:    ... okay on input line 53.
LaTeX Font Info:    Checking defaults for TS1/cmr/m/n on input line 53.
LaTeX Font Info:    ... okay on input line 53.
LaTeX Font Info:    Checking defaults for OMX/cmex/m/n on input line 53.
LaTeX Font Info:    ... okay on input line 53.
LaTeX Font Info:    Checking defaults for U/cmr/m/n on input line 53.
LaTeX Font Info:    ... okay on input line 53.
LaTeX Font Info:    Checking defaults for PD1/pdf/m/n on input line 53.
LaTeX Font Info:    ... okay on input line 53.
LaTeX Font Info:    Checking defaults for PU/pdf/m/n on input line 53.
LaTeX Font Info:    ... okay on input line 53.

*geometry* driver: auto-detecting
*geometry* detected driver: pdftex
*geometry* verbose mode - [ preamble ] result:
* driver: pdftex
* paper: <default>
* layout: <same size as paper>
* layoutoffset:(h,v)=(0.0pt,0.0pt)
* modes: 
* h-part:(L,W,R)=(72.26999pt, 469.75502pt, 72.26999pt)
* v-part:(T,H,B)=(72.26999pt, 650.43001pt, 72.26999pt)
* \paperwidth=614.295pt
* \paperheight=794.96999pt
* \textwidth=469.75502pt
* \textheight=650.43001pt
* \oddsidemargin=0.0pt
* \evensidemargin=0.0pt
* \topmargin=-37.0pt
* \headheight=12.0pt
* \headsep=25.0pt
* \topskip=10.0pt
* \footskip=30.0pt
* \marginparwidth=65.0pt
* \marginparsep=11.0pt
* \columnsep=10.0pt
* \skip\footins=9.0pt plus 4.0pt minus 2.0pt
* \hoffset=0.0pt
* \voffset=0.0pt
* \mag=1000
* \@twocolumnfalse
* \@twosidefalse
* \@mparswitchfalse
* \@reversemarginfalse
* (1in=72.27pt=25.4mm, 1cm=28.453pt)


(C:\Users\Fistroman\AppData\Local\Programs\MiKTeX\tex/context/base/mkii\supp-pd
f.mkii
[Loading MPS to PDF converter (version 2006.09.02).]
\scratchcounter=\count298
\scratchdimen=\dimen183
\scratchbox=\box58
\nofMPsegments=\count299
\nofMParguments=\count300
\everyMPshowfont=\toks30
\MPscratchCnt=\count301
\MPscratchDim=\dimen184
\MPnumerator=\count302
\makeMPintoPDFobject=\count303
\everyMPtoPDFconversion=\toks31
)
(C:\Users\Fistroman\AppData\Local\Programs\MiKTeX\tex/latex/epstopdf-pkg\epstop
df-base.sty
Package: epstopdf-base 2020-01-24 v2.11 Base part for package epstopdf
Package epstopdf-base Info: Redefining graphics rule for `.eps' on input line 4
85.

(C:\Users\Fistroman\AppData\Local\Programs\MiKTeX\tex/latex/00miktex\epstopdf-s
ys.cfg
File: epstopdf-sys.cfg 2021/03/18 v2.0 Configuration of epstopdf for MiKTeX
))
(C:\Users\Fistroman\AppData\Local\Programs\MiKTeX\tex/latex/pdflscape\pdflscape
.sty
Package: pdflscape 2019/12/05 v0.12 Display of landscape pages in PDF (HO)

(C:\Users\Fistroman\AppData\Local\Programs\MiKTeX\tex/latex/graphics\lscape.sty
Package: lscape 2020/05/28 v3.02 Landscape Pages (DPC)
)
Package pdflscape Info: Auto-detected driver: pdftex on input line 81.
)
LaTeX Info: Redefining \. on input line 53.
LaTeX Info: Redefining \% on input line 53.
Package hyperref Info: Link coloring OFF on input line 53.

(C:\Users\Fistroman\AppData\Local\Programs\MiKTeX\tex/latex/hyperref\nameref.st
y
Package: nameref 2021-04-02 v2.47 Cross-referencing by name of section

(C:\Users\Fistroman\AppData\Local\Programs\MiKTeX\tex/latex/refcount\refcount.s
ty
Package: refcount 2019/12/15 v3.6 Data extraction from label references (HO)
)
(C:\Users\Fistroman\AppData\Local\Programs\MiKTeX\tex/generic/gettitlestring\ge
ttitlestring.sty
Package: gettitlestring 2019/12/15 v1.6 Cleanup title references (HO)
)
\c@section@level=\count304
)
LaTeX Info: Redefining \ref on input line 53.
LaTeX Info: Redefining \pageref on input line 53.
LaTeX Info: Redefining \nameref on input line 53.
 (FAST_DI_TPI.out) (FAST_DI_TPI.out)
\@outlinefile=\write3
\openout3 = `FAST_DI_TPI.out'.

 (abstract_ENG.tex
[1

{C:/Users/Fistroman/AppData/Local/MiKTeX/pdftex/config/pdftex.map}]
LaTeX Font Info:    Trying to load font information for U+msa on input line 6.

(C:\Users\Fistroman\AppData\Local\Programs\MiKTeX\tex/latex/amsfonts\umsa.fd
File: umsa.fd 2013/01/14 v3.01 AMS symbols A
)
LaTeX Font Info:    Trying to load font information for U+msb on input line 6.

(C:\Users\Fistroman\AppData\Local\Programs\MiKTeX\tex/latex/amsfonts\umsb.fd
File: umsb.fd 2013/01/14 v3.01 AMS symbols B
)
Underfull \hbox (badness 10000) in paragraph at lines 4--9

 []


Underfull \hbox (badness 10000) in paragraph at lines 10--12

 []

) (abstract_ESP.tex [2]
Underfull \hbox (badness 10000) in paragraph at lines 4--9

 []


Underfull \hbox (badness 10000) in paragraph at lines 4--9

 []


Underfull \hbox (badness 10000) in paragraph at lines 10--12

 []


Underfull \hbox (badness 10000) in paragraph at lines 10--12

 []

) [3] (FAST_DI_TPI.toc
LaTeX Info: Redefining \. on input line 1.
LaTeX Info: Redefining \% on input line 1.
 [4

])
\tf@toc=\write4
\openout4 = `FAST_DI_TPI.toc'.

 [5] [6

] (Introduction_ENG.tex
C.- 1.
) (CAP_I_Analogy_ENG.tex [7

]
C.- 2.
) (Cap_II_PreviousContext_ENG.tex [8

]
C.- 3.
) (CAP_III_TPI_DI_ENG.tex [9

]
C.- 4.
) [10

] [11

] (Introduccion_ESP.tex
C.- 5.

Underfull \hbox (badness 10000) in paragraph at lines 2--4

 []


Underfull \hbox (badness 10000) in paragraph at lines 2--4

 []


Underfull \hbox (badness 10000) in paragraph at lines 5--10

 []


Underfull \hbox (badness 10000) in paragraph at lines 5--10

 []


Underfull \hbox (badness 10000) in paragraph at lines 5--10

 []


Underfull \hbox (badness 10000) in paragraph at lines 5--10

 []


Underfull \hbox (badness 10000) in paragraph at lines 5--10

 []


Underfull \hbox (badness 10000) in paragraph at lines 11--15

 []


Underfull \hbox (badness 10000) in paragraph at lines 11--15

 []

[12

]
Underfull \hbox (badness 10000) in paragraph at lines 16--18

 []


Underfull \hbox (badness 10000) in paragraph at lines 16--18

 []

) (CAP_I_Analogia_ESP.tex [13]
C.- 6.

Underfull \hbox (badness 10000) in paragraph at lines 29--34

 []


Underfull \hbox (badness 10000) in paragraph at lines 29--34

 []


Underfull \hbox (badness 10000) in paragraph at lines 35--37

 []


Underfull \hbox (badness 10000) in paragraph at lines 35--37

 []


Underfull \hbox (badness 10000) in paragraph at lines 41--43

 []


Underfull \hbox (badness 10000) in paragraph at lines 41--43

 []

[14

]
Underfull \hbox (badness 10000) in paragraph at lines 44--46

 []


Underfull \hbox (badness 10000) in paragraph at lines 44--46

 []


Underfull \hbox (badness 10000) in paragraph at lines 47--54

 []


Underfull \hbox (badness 10000) in paragraph at lines 47--54

 []


Underfull \hbox (badness 10000) in paragraph at lines 55--57

 []


Underfull \hbox (badness 10000) in paragraph at lines 55--57

 []


Underfull \hbox (badness 10000) in paragraph at lines 60--62

 []


Underfull \hbox (badness 10000) in paragraph at lines 60--62

 []

[15]
Underfull \hbox (badness 10000) in paragraph at lines 72--74

 []


Underfull \hbox (badness 10000) in paragraph at lines 72--74

 []


Underfull \hbox (badness 10000) in paragraph at lines 84--86

 []


Underfull \hbox (badness 10000) in paragraph at lines 84--86

 []


Underfull \hbox (badness 10000) in paragraph at lines 87--89

 []


Underfull \hbox (badness 10000) in paragraph at lines 87--89

 []


Underfull \hbox (badness 10000) in paragraph at lines 90--92

 []


Underfull \hbox (badness 10000) in paragraph at lines 90--92

 []


Underfull \hbox (badness 10000) in paragraph at lines 93--95

 []


Underfull \hbox (badness 10000) in paragraph at lines 93--95

 []

[16]
Underfull \hbox (badness 10000) in paragraph at lines 96--99

 []


Underfull \hbox (badness 10000) in paragraph at lines 96--99

 []


Underfull \hbox (badness 10000) in paragraph at lines 100--102

 []


Underfull \hbox (badness 10000) in paragraph at lines 100--102

 []

) (CAP_II_ContextoPrevio_ESP.tex [17]
C.- 7.

Underfull \hbox (badness 10000) in paragraph at lines 5--10

 []


Underfull \hbox (badness 10000) in paragraph at lines 5--10

 []


Underfull \hbox (badness 10000) in paragraph at lines 11--16

 []


Underfull \hbox (badness 10000) in paragraph at lines 11--16

 []


Underfull \hbox (badness 10000) in paragraph at lines 17--20

 []


Underfull \hbox (badness 10000) in paragraph at lines 17--20

 []


Underfull \hbox (badness 10000) in paragraph at lines 21--31

 []


Underfull \hbox (badness 10000) in paragraph at lines 21--31

 []

[18

]
Underfull \hbox (badness 10000) in paragraph at lines 32--35

 []


Underfull \hbox (badness 10000) in paragraph at lines 32--35

 []


Underfull \hbox (badness 10000) in paragraph at lines 36--39

 []


Underfull \hbox (badness 10000) in paragraph at lines 36--39

 []


Underfull \hbox (badness 10000) in paragraph at lines 46--51

 []


Underfull \hbox (badness 10000) in paragraph at lines 46--51

 []


Underfull \hbox (badness 10000) in paragraph at lines 52--58

 []


Underfull \hbox (badness 10000) in paragraph at lines 52--58

 []


Underfull \hbox (badness 10000) in paragraph at lines 65--67

 []


Underfull \hbox (badness 10000) in paragraph at lines 65--67

 []


Underfull \hbox (badness 10000) in paragraph at lines 68--74

 []


Underfull \hbox (badness 10000) in paragraph at lines 68--74

 []


Underfull \hbox (badness 10000) in paragraph at lines 68--74

 []

[19]
Underfull \hbox (badness 10000) in paragraph at lines 75--77

 []


Underfull \hbox (badness 10000) in paragraph at lines 75--77

 []


Underfull \hbox (badness 10000) in paragraph at lines 78--80

 []


Underfull \hbox (badness 10000) in paragraph at lines 78--80

 []


Underfull \hbox (badness 10000) in paragraph at lines 81--83

 []


Underfull \hbox (badness 10000) in paragraph at lines 81--83

 []


Underfull \hbox (badness 10000) in paragraph at lines 92--95

 []


Underfull \hbox (badness 10000) in paragraph at lines 92--95

 []


Underfull \hbox (badness 10000) in paragraph at lines 96--99

 []


Underfull \hbox (badness 10000) in paragraph at lines 96--99

 []


Underfull \hbox (badness 10000) in paragraph at lines 100--103

 []


Underfull \hbox (badness 10000) in paragraph at lines 100--103

 []


Underfull \hbox (badness 10000) in paragraph at lines 104--107

 []


Underfull \hbox (badness 10000) in paragraph at lines 104--107

 []


Underfull \hbox (badness 10000) in paragraph at lines 108--111

 []


Underfull \hbox (badness 10000) in paragraph at lines 108--111

 []

[20]) (CAP_III_TPI_DI_ESP.tex
Underfull \hbox (badness 10000) in paragraph at lines 112--1

 []


Underfull \hbox (badness 10000) in paragraph at lines 112--1

 []

[21]
C.- 8.

Underfull \hbox (badness 10000) in paragraph at lines 8--11

 []


Underfull \hbox (badness 10000) in paragraph at lines 8--11

 []


Underfull \hbox (badness 10000) in paragraph at lines 12--15

 []


Underfull \hbox (badness 10000) in paragraph at lines 12--15

 []


Underfull \hbox (badness 10000) in paragraph at lines 16--19

 []


Underfull \hbox (badness 10000) in paragraph at lines 16--19

 []

<./Imagenes//Distribucion_001_A.png, id=281, 593.57051pt x 430.43161pt>
File: ./Imagenes//Distribucion_001_A.png Graphic file (type png)
<use ./Imagenes//Distribucion_001_A.png>
Package pdftex.def Info: ./Imagenes//Distribucion_001_A.png  used on input line
 21.
(pdftex.def)             Requested size: 296.78453pt x 215.21527pt.

Underfull \hbox (badness 10000) in paragraph at lines 20--24

 []


Underfull \hbox (badness 10000) in paragraph at lines 20--24

 []


Underfull \hbox (badness 10000) in paragraph at lines 20--24

 []

[22

]
<./Imagenes//Distribucion_001_B.png, id=290, 593.57051pt x 430.43161pt>
File: ./Imagenes//Distribucion_001_B.png Graphic file (type png)
<use ./Imagenes//Distribucion_001_B.png>
Package pdftex.def Info: ./Imagenes//Distribucion_001_B.png  used on input line
 27.
(pdftex.def)             Requested size: 296.78453pt x 215.21527pt.

Underfull \hbox (badness 10000) in paragraph at lines 25--29

 []


Underfull \hbox (badness 10000) in paragraph at lines 25--29

 []


Underfull \hbox (badness 10000) in paragraph at lines 25--29

 []


Underfull \hbox (badness 10000) in paragraph at lines 30--33

 []


Underfull \hbox (badness 10000) in paragraph at lines 30--33

 []

[23 <./Imagenes//Distribucion_001_A.png> <./Imagenes//Distribucion_001_B.png>]
Underfull \hbox (badness 10000) in paragraph at lines 34--37

 []


Underfull \hbox (badness 10000) in paragraph at lines 34--37

 []

<./Imagenes//Distribucion_001_C.png, id=297, 593.57051pt x 430.43161pt>
File: ./Imagenes//Distribucion_001_C.png Graphic file (type png)
<use ./Imagenes//Distribucion_001_C.png>
Package pdftex.def Info: ./Imagenes//Distribucion_001_C.png  used on input line
 39.
(pdftex.def)             Requested size: 267.10426pt x 193.69243pt.

Underfull \hbox (badness 10000) in paragraph at lines 38--41

 []


Underfull \hbox (badness 10000) in paragraph at lines 38--41

 []


Underfull \hbox (badness 10000) in paragraph at lines 42--45

 []


Underfull \hbox (badness 10000) in paragraph at lines 42--45

 []

<./Imagenes//Distribucion_002_A.png, id=298, 593.57051pt x 430.43161pt>
File: ./Imagenes//Distribucion_002_A.png Graphic file (type png)
<use ./Imagenes//Distribucion_002_A.png>
Package pdftex.def Info: ./Imagenes//Distribucion_002_A.png  used on input line
 47.
(pdftex.def)             Requested size: 267.10426pt x 193.69243pt.

Underfull \hbox (badness 10000) in paragraph at lines 46--49

 []


Underfull \hbox (badness 10000) in paragraph at lines 46--49

 []

[24 <./Imagenes//Distribucion_001_C.png> <./Imagenes//Distribucion_002_A.png>]
<./Imagenes//Distribucion_002_B.png, id=305, 593.57051pt x 430.43161pt>
File: ./Imagenes//Distribucion_002_B.png Graphic file (type png)
<use ./Imagenes//Distribucion_002_B.png>
Package pdftex.def Info: ./Imagenes//Distribucion_002_B.png  used on input line
 55.
(pdftex.def)             Requested size: 267.10426pt x 193.69243pt.

Underfull \hbox (badness 10000) in paragraph at lines 53--57

 []


Underfull \hbox (badness 10000) in paragraph at lines 53--57

 []


Underfull \hbox (badness 10000) in paragraph at lines 53--57

 []


Underfull \hbox (badness 10000) in paragraph at lines 63--66

 []


Underfull \hbox (badness 10000) in paragraph at lines 63--66

 []


Underfull \hbox (badness 10000) in paragraph at lines 67--70

 []


Underfull \hbox (badness 10000) in paragraph at lines 67--70

 []


Underfull \hbox (badness 10000) in paragraph at lines 71--74

 []


Underfull \hbox (badness 10000) in paragraph at lines 71--74

 []


Underfull \hbox (badness 10000) in paragraph at lines 75--82

 []


Underfull \hbox (badness 10000) in paragraph at lines 75--82

 []

[25 <./Imagenes//Distribucion_002_B.png>]
Underfull \hbox (badness 10000) in paragraph at lines 83--86

 []


Underfull \hbox (badness 10000) in paragraph at lines 83--86

 []


Underfull \hbox (badness 10000) in paragraph at lines 87--94

 []


Underfull \hbox (badness 10000) in paragraph at lines 87--94

 []


Underfull \hbox (badness 10000) in paragraph at lines 95--98

 []


Underfull \hbox (badness 10000) in paragraph at lines 95--98

 []


Underfull \hbox (badness 10000) in paragraph at lines 99--102

 []


Underfull \hbox (badness 10000) in paragraph at lines 99--102

 []


Underfull \hbox (badness 10000) in paragraph at lines 103--108

 []


Underfull \hbox (badness 10000) in paragraph at lines 103--108

 []


Underfull \hbox (badness 10000) in paragraph at lines 109--112

 []


Underfull \hbox (badness 10000) in paragraph at lines 109--112

 []

[26]
Underfull \hbox (badness 10000) in paragraph at lines 121--135

 []


Underfull \hbox (badness 10000) in paragraph at lines 121--135

 []


Underfull \hbox (badness 10000) in paragraph at lines 121--135

 []


Underfull \hbox (badness 10000) in paragraph at lines 136--143

 []


Underfull \hbox (badness 10000) in paragraph at lines 136--143

 []


Underfull \hbox (badness 10000) in paragraph at lines 136--143

 []


Underfull \hbox (badness 10000) in paragraph at lines 136--143

 []


Underfull \hbox (badness 10000) in paragraph at lines 136--143

 []


Underfull \hbox (badness 10000) in paragraph at lines 144--147

 []


Underfull \hbox (badness 10000) in paragraph at lines 148--156

 []


Underfull \hbox (badness 10000) in paragraph at lines 148--156

 []


Underfull \hbox (badness 10000) in paragraph at lines 148--156

 []


Underfull \hbox (badness 10000) in paragraph at lines 148--156

 []


Underfull \hbox (badness 10000) in paragraph at lines 148--156

 []


Underfull \hbox (badness 10000) in paragraph at lines 157--160

 []

[27]
Underfull \hbox (badness 10000) in paragraph at lines 161--164

 []

[28]

Package hyperref Warning: Token not allowed in a PDF string (Unicode):
(hyperref)                removing `math shift' on input line 166.


Package hyperref Warning: Token not allowed in a PDF string (Unicode):
(hyperref)                removing `subscript' on input line 166.


Package hyperref Warning: Token not allowed in a PDF string (Unicode):
(hyperref)                removing `math shift' on input line 166.


Underfull \hbox (badness 10000) in paragraph at lines 168--172

 []


Underfull \hbox (badness 10000) in paragraph at lines 168--172

 []


Underfull \hbox (badness 10000) in paragraph at lines 185--191

 []


Underfull \hbox (badness 10000) in paragraph at lines 204--210

 []


Underfull \hbox (badness 10000) in paragraph at lines 223--229

 []


Underfull \hbox (badness 10000) in paragraph at lines 231--234

 []


Underfull \hbox (badness 10000) in paragraph at lines 235--238

 []

[29]
Underfull \hbox (badness 10000) in paragraph at lines 239--247

 []


Underfull \hbox (badness 10000) in paragraph at lines 248--251

 []

[30]

Package hyperref Warning: Token not allowed in a PDF string (Unicode):
(hyperref)                removing `math shift' on input line 253.


Package hyperref Warning: Token not allowed in a PDF string (Unicode):
(hyperref)                removing `subscript' on input line 253.


Package hyperref Warning: Token not allowed in a PDF string (Unicode):
(hyperref)                removing `math shift' on input line 253.


Underfull \hbox (badness 10000) in paragraph at lines 255--259

 []


Underfull \hbox (badness 10000) in paragraph at lines 255--259

 []


Underfull \hbox (badness 10000) in paragraph at lines 272--280

 []


Underfull \hbox (badness 10000) in paragraph at lines 272--280

 []


Package hyperref Warning: Token not allowed in a PDF string (Unicode):
(hyperref)                removing `math shift' on input line 281.


Package hyperref Warning: Token not allowed in a PDF string (Unicode):
(hyperref)                removing `subscript' on input line 281.


Package hyperref Warning: Token not allowed in a PDF string (Unicode):
(hyperref)                removing `math shift' on input line 281.


Underfull \hbox (badness 10000) in paragraph at lines 283--287

 []


Underfull \hbox (badness 10000) in paragraph at lines 283--287

 []


Underfull \hbox (badness 10000) in paragraph at lines 300--307

 []


Underfull \hbox (badness 10000) in paragraph at lines 300--307

 []


Underfull \hbox (badness 10000) in paragraph at lines 308--311

 []


Underfull \hbox (badness 10000) in paragraph at lines 312--318

 []

[31]) [32] (FAST_DI_TPI.aux
LaTeX Info: Redefining \. on input line 25.
LaTeX Info: Redefining \% on input line 25.
)
Package rerunfilecheck Info: File `FAST_DI_TPI.out' has not changed.
(rerunfilecheck)             Checksum: 82B57CA46289A76D42E614FE78316E8B;5389.
 ) 
Here is how much of TeX's memory you used:
 13479 strings out of 478927
 209815 string characters out of 2850640
 637034 words of memory out of 3000000
 31004 multiletter control sequences out of 15000+600000
 415964 words of font info for 74 fonts, out of 8000000 for 9000
 1141 hyphenation exceptions out of 8191
 72i,17n,81p,1826b,670s stack positions out of 5000i,500n,10000p,200000b,80000s
 <C:\Users\Fistroman\AppData\Local\MiKTeX\fonts/pk/ljfour/jknappen/ec/dpi600\
tcbx1440.pk> <C:\Users\Fistroman\AppData\Local\MiKTeX\fonts/pk/ljfour/jknappen/
ec/dpi600\tcti1000.pk> <C:\Users\Fistroman\AppData\Local\MiKTeX\fonts/pk/ljfour
/jknappen/ec/dpi600\tcrm0800.pk> <C:\Users\Fistroman\AppData\Local\MiKTeX\fonts
/pk/ljfour/jknappen/ec/dpi600\tcrm1000.pk><C:/Users/Fistroman/AppData/Local/Pro
grams/MiKTeX/fonts/type1/public/amsfonts/cm/cmbx10.pfb><C:/Users/Fistroman/AppD
ata/Local/Programs/MiKTeX/fonts/type1/public/amsfonts/cm/cmbx12.pfb><C:/Users/F
istroman/AppData/Local/Programs/MiKTeX/fonts/type1/public/amsfonts/cm/cmbx9.pfb
><C:/Users/Fistroman/AppData/Local/Programs/MiKTeX/fonts/type1/public/amsfonts/
cm/cmmi10.pfb><C:/Users/Fistroman/AppData/Local/Programs/MiKTeX/fonts/type1/pub
lic/amsfonts/cm/cmmi12.pfb><C:/Users/Fistroman/AppData/Local/Programs/MiKTeX/fo
nts/type1/public/amsfonts/cm/cmmi5.pfb><C:/Users/Fistroman/AppData/Local/Progra
ms/MiKTeX/fonts/type1/public/amsfonts/cm/cmmi7.pfb><C:/Users/Fistroman/AppData/
Local/Programs/MiKTeX/fonts/type1/public/amsfonts/cm/cmmi8.pfb><C:/Users/Fistro
man/AppData/Local/Programs/MiKTeX/fonts/type1/public/amsfonts/cm/cmmi9.pfb><C:/
Users/Fistroman/AppData/Local/Programs/MiKTeX/fonts/type1/public/amsfonts/cm/cm
r10.pfb><C:/Users/Fistroman/AppData/Local/Programs/MiKTeX/fonts/type1/public/am
sfonts/cm/cmr12.pfb><C:/Users/Fistroman/AppData/Local/Programs/MiKTeX/fonts/typ
e1/public/amsfonts/cm/cmr5.pfb><C:/Users/Fistroman/AppData/Local/Programs/MiKTe
X/fonts/type1/public/amsfonts/cm/cmr6.pfb><C:/Users/Fistroman/AppData/Local/Pro
grams/MiKTeX/fonts/type1/public/amsfonts/cm/cmr7.pfb><C:/Users/Fistroman/AppDat
a/Local/Programs/MiKTeX/fonts/type1/public/amsfonts/cm/cmr8.pfb><C:/Users/Fistr
oman/AppData/Local/Programs/MiKTeX/fonts/type1/public/amsfonts/cm/cmr9.pfb><C:/
Users/Fistroman/AppData/Local/Programs/MiKTeX/fonts/type1/public/amsfonts/cm/cm
sy10.pfb><C:/Users/Fistroman/AppData/Local/Programs/MiKTeX/fonts/type1/public/a
msfonts/cm/cmsy8.pfb><C:/Users/Fistroman/AppData/Local/Programs/MiKTeX/fonts/ty
pe1/public/amsfonts/cm/cmsy9.pfb><C:/Users/Fistroman/AppData/Local/Programs/MiK
TeX/fonts/type1/public/amsfonts/cm/cmti10.pfb><C:/Users/Fistroman/AppData/Local
/Programs/MiKTeX/fonts/type1/public/amsfonts/cm/cmtt12.pfb><C:/Users/Fistroman/
AppData/Local/Programs/MiKTeX/fonts/type1/public/amsfonts/symbols/msam10.pfb><C
:/Users/Fistroman/AppData/Local/Programs/MiKTeX/fonts/type1/public/amsfonts/sym
bols/msbm10.pfb>
Output written on FAST_DI_TPI.pdf (32 pages, 615751 bytes).
PDF statistics:
 473 PDF objects out of 1000 (max. 8388607)
 72 named destinations out of 1000 (max. 500000)
 274 words of extra memory for PDF output out of 10000 (max. 10000000)

